<?xml version="1.0" encoding="UTF-8"?>
<!-- Generated by org.testng.reporters.JUnitReportReporter -->
<testsuite hostname="RU1202197827" name="com.example.tests.GroupCreationTests" tests="2" failures="0" timestamp="25 Jun 2015 10:28:38 GMT" time="3.695" errors="0">
  <testcase name="testGroupWithEmptyDataCanBeCreated" time="2.019" classname="com.example.tests.GroupCreationTests"/>
  <testcase name="testValidGr" time="1.676" classname="com.example.tests.GroupCreationTests"/>
</testsuite> <!-- com.example.tests.GroupCreationTests -->
