<?xml version="1.0" encoding="UTF-8"?>
<!-- Generated by org.testng.reporters.JUnitReportReporter -->
<testsuite hostname="RU1202197827" name="com.example.tests.CopyOfContactCreationTests" tests="2" failures="0" timestamp="25 Jun 2015 09:27:14 GMT" time="10.864" errors="0">
  <testcase name="testValidGroupCanBeCreated" time="3.912" classname="com.example.tests.CopyOfContactCreationTests"/>
  <testcase name="testContactWithEmptyDataCanBeCreated" time="6.952" classname="com.example.tests.CopyOfContactCreationTests"/>
</testsuite> <!-- com.example.tests.CopyOfContactCreationTests -->
